This file contains any messages produced by compilers while
running configure, to aid debugging if configure makes a mistake.

It was created by libtirpc configure 1.3.2, which was
generated by GNU Autoconf 2.71.  Invocation command line was

  $ ./configure --host=riscv64-buildroot-linux-musl --prefix=/opt/riscv/sysroot/usr --disable-gssapi

## --------- ##
## Platform. ##
## --------- ##

hostname = yufeng
uname -m = x86_64
uname -r = 5.10.102.1-microsoft-standard-WSL2
uname -s = Linux
uname -v = #1 SMP Wed Mar 2 00:30:59 UTC 2022

/usr/bin/uname -p = x86_64
/bin/uname -X     = unknown

/bin/arch              = x86_64
/usr/bin/arch -k       = unknown
/usr/convex/getsysinfo = unknown
/usr/bin/hostinfo      = unknown
/bin/machine           = unknown
/usr/bin/oslevel       = unknown
/bin/universe          = unknown

PATH: /home/yufeng/.thead/riscv64-linux/bin/
PATH: /home/yufeng/bin/
PATH: /usr/local/bin/
PATH: /home/yufeng/.cargo/bin/
PATH: /usr/local/sbin/
PATH: /usr/local/bin/
PATH: /usr/sbin/
PATH: /usr/bin/
PATH: /sbin/
PATH: /bin/
PATH: /usr/games/
PATH: /usr/local/games/
PATH: /usr/lib/wsl/lib/
PATH: /mnt/c/Program Files/WindowsApps/Microsoft.WindowsTerminal_1.14.2282.0_x64__8wekyb3d8bbwe/
PATH: /mnt/c/Windows/system32/
PATH: /mnt/c/Windows/
PATH: /mnt/c/Windows/System32/Wbem/
PATH: /mnt/c/Windows/System32/WindowsPowerShell/v1.0/
PATH: /mnt/c/Windows/System32/OpenSSH/
PATH: /mnt/c/Program Files/Bandizip/
PATH: /mnt/d/program/nodejs/
PATH: /mnt/d/program/Git/cmd/
PATH: /mnt/c/Users/yangj/AppData/Local/Programs/Python/Python310/Scripts/
PATH: /mnt/c/Users/yangj/AppData/Local/Programs/Python/Python310/
PATH: /mnt/c/Users/yangj/.cargo/bin/
PATH: /mnt/c/Users/yangj/AppData/Local/Microsoft/WindowsApps/
PATH: /mnt/d/program/Microsoft VS Code/bin/
PATH: /mnt/c/Users/yangj/AppData/Roaming/npm/
PATH: /home/yufeng/os-libc-test/toolchain/riscv64--musl--bleeding-edge-2020.08-1/bin/


## ----------- ##
## Core tests. ##
## ----------- ##

configure:2420: looking for aux files: ltmain.sh config.guess config.sub compile missing install-sh
configure:2433:  trying ./
configure:2462:   ./ltmain.sh found
configure:2462:   ./config.guess found
configure:2462:   ./config.sub found
configure:2462:   ./compile found
configure:2462:   ./missing found
configure:2444:   ./install-sh found
configure:2591: checking for a BSD-compatible install
configure:2664: result: /usr/bin/install -c
configure:2675: checking whether build environment is sane
configure:2730: result: yes
configure:2786: checking for riscv64-buildroot-linux-musl-strip
configure:2807: found /home/yufeng/os-libc-test/toolchain/riscv64--musl--bleeding-edge-2020.08-1/bin/riscv64-buildroot-linux-musl-strip
configure:2818: result: riscv64-buildroot-linux-musl-strip
configure:2889: checking for a race-free mkdir -p
configure:2933: result: /usr/bin/mkdir -p
configure:2940: checking for gawk
configure:2961: found /usr/bin/gawk
configure:2972: result: gawk
configure:2983: checking whether make sets $(MAKE)
configure:3006: result: yes
configure:3036: checking whether make supports nested variables
configure:3054: result: yes
configure:3202: checking whether make supports nested variables
configure:3220: result: yes
configure:3250: checking for riscv64-buildroot-linux-musl-gcc
configure:3271: found /home/yufeng/os-libc-test/toolchain/riscv64--musl--bleeding-edge-2020.08-1/bin/riscv64-buildroot-linux-musl-gcc
configure:3282: result: riscv64-buildroot-linux-musl-gcc
configure:3680: checking for C compiler version
configure:3689: riscv64-buildroot-linux-musl-gcc --version >&5
riscv64-buildroot-linux-musl-gcc.br_real (Buildroot 2020.08-14-ge5a2a90) 10.2.0
Copyright (C) 2020 Free Software Foundation, Inc.
This is free software; see the source for copying conditions.  There is NO
warranty; not even for MERCHANTABILITY or FITNESS FOR A PARTICULAR PURPOSE.

configure:3700: $? = 0
configure:3689: riscv64-buildroot-linux-musl-gcc -v >&5
Using built-in specs.
COLLECT_GCC=/home/yufeng/os-libc-test/toolchain/riscv64--musl--bleeding-edge-2020.08-1/bin/riscv64-buildroot-linux-musl-gcc.br_real
COLLECT_LTO_WRAPPER=/home/yufeng/os-libc-test/toolchain/riscv64--musl--bleeding-edge-2020.08-1/bin/../libexec/gcc/riscv64-buildroot-linux-musl/10.2.0/lto-wrapper
Target: riscv64-buildroot-linux-musl
Configured with: ./configure --prefix=/opt/riscv64--musl--bleeding-edge-2020.08-1 --sysconfdir=/opt/riscv64--musl--bleeding-edge-2020.08-1/etc --enable-static --target=riscv64-buildroot-linux-musl --with-sysroot=/opt/riscv64--musl--bleeding-edge-2020.08-1/riscv64-buildroot-linux-musl/sysroot --enable-__cxa_atexit --with-gnu-ld --disable-libssp --disable-multilib --disable-decimal-float --with-gmp=/opt/riscv64--musl--bleeding-edge-2020.08-1 --with-mpc=/opt/riscv64--musl--bleeding-edge-2020.08-1 --with-mpfr=/opt/riscv64--musl--bleeding-edge-2020.08-1 --with-pkgversion='Buildroot 2020.08-14-ge5a2a90' --with-bugurl=http://bugs.buildroot.net/ --without-zstd --disable-libmpx --disable-libquadmath --disable-libquadmath-support --disable-libsanitizer --enable-tls --enable-threads --without-isl --without-cloog --with-arch=rv64imafd --with-abi=lp64 --enable-languages=c,c++,fortran --with-build-time-tools=/opt/riscv64--musl--bleeding-edge-2020.08-1/riscv64-buildroot-linux-musl/bin --enable-shared --disable-libgomp
Thread model: posix
Supported LTO compression algorithms: zlib
gcc version 10.2.0 (Buildroot 2020.08-14-ge5a2a90) 
configure:3700: $? = 0
configure:3689: riscv64-buildroot-linux-musl-gcc -V >&5
riscv64-buildroot-linux-musl-gcc.br_real: error: unrecognized command-line option '-V'
riscv64-buildroot-linux-musl-gcc.br_real: fatal error: no input files
compilation terminated.
configure:3700: $? = 1
configure:3689: riscv64-buildroot-linux-musl-gcc -qversion >&5
riscv64-buildroot-linux-musl-gcc.br_real: error: unrecognized command-line option '-qversion'; did you mean '--version'?
riscv64-buildroot-linux-musl-gcc.br_real: fatal error: no input files
compilation terminated.
configure:3700: $? = 1
configure:3689: riscv64-buildroot-linux-musl-gcc -version >&5
riscv64-buildroot-linux-musl-gcc.br_real: error: unrecognized command-line option '-version'
riscv64-buildroot-linux-musl-gcc.br_real: fatal error: no input files
compilation terminated.
configure:3700: $? = 1
configure:3720: checking whether the C compiler works
configure:3742: riscv64-buildroot-linux-musl-gcc    conftest.c  >&5
configure:3746: $? = 0
configure:3796: result: yes
configure:3799: checking for C compiler default output file name
configure:3801: result: a.out
configure:3807: checking for suffix of executables
configure:3814: riscv64-buildroot-linux-musl-gcc -o conftest    conftest.c  >&5
configure:3818: $? = 0
configure:3841: result: 
configure:3863: checking whether we are cross compiling
configure:3871: riscv64-buildroot-linux-musl-gcc -o conftest    conftest.c  >&5
configure:3875: $? = 0
configure:3882: ./conftest
./configure: line 3884: ./conftest: cannot execute binary file: Exec format error
configure:3886: $? = 126
configure:3901: result: yes
configure:3906: checking for suffix of object files
configure:3929: riscv64-buildroot-linux-musl-gcc -c   conftest.c >&5
configure:3933: $? = 0
configure:3955: result: o
configure:3959: checking whether the compiler supports GNU C
configure:3979: riscv64-buildroot-linux-musl-gcc -c   conftest.c >&5
configure:3979: $? = 0
configure:3989: result: yes
configure:4000: checking whether riscv64-buildroot-linux-musl-gcc accepts -g
configure:4021: riscv64-buildroot-linux-musl-gcc -c -g  conftest.c >&5
configure:4021: $? = 0
configure:4065: result: yes
configure:4085: checking for riscv64-buildroot-linux-musl-gcc option to enable C11 features
configure:4100: riscv64-buildroot-linux-musl-gcc  -c -g -O2  conftest.c >&5
configure:4100: $? = 0
configure:4118: result: none needed
configure:4234: checking whether riscv64-buildroot-linux-musl-gcc understands -c and -o together
configure:4257: riscv64-buildroot-linux-musl-gcc -c conftest.c -o conftest2.o
configure:4260: $? = 0
configure:4257: riscv64-buildroot-linux-musl-gcc -c conftest.c -o conftest2.o
configure:4260: $? = 0
configure:4272: result: yes
configure:4292: checking whether make supports the include directive
configure:4307: make -f confmf.GNU && cat confinc.out
make[1]: Entering directory '/home/yufeng/os-libc-test/libtirpc-1.3.3'
make[1]: Leaving directory '/home/yufeng/os-libc-test/libtirpc-1.3.3'
this is the am__doit target
configure:4310: $? = 0
configure:4329: result: yes (GNU style)
configure:4355: checking dependency style of riscv64-buildroot-linux-musl-gcc
configure:4467: result: gcc3
configure:4515: checking for stdio.h
configure:4515: riscv64-buildroot-linux-musl-gcc -c -g -O2  conftest.c >&5
configure:4515: $? = 0
configure:4515: result: yes
configure:4515: checking for stdlib.h
configure:4515: riscv64-buildroot-linux-musl-gcc -c -g -O2  conftest.c >&5
configure:4515: $? = 0
configure:4515: result: yes
configure:4515: checking for string.h
configure:4515: riscv64-buildroot-linux-musl-gcc -c -g -O2  conftest.c >&5
configure:4515: $? = 0
configure:4515: result: yes
configure:4515: checking for inttypes.h
configure:4515: riscv64-buildroot-linux-musl-gcc -c -g -O2  conftest.c >&5
configure:4515: $? = 0
configure:4515: result: yes
configure:4515: checking for stdint.h
configure:4515: riscv64-buildroot-linux-musl-gcc -c -g -O2  conftest.c >&5
configure:4515: $? = 0
configure:4515: result: yes
configure:4515: checking for strings.h
configure:4515: riscv64-buildroot-linux-musl-gcc -c -g -O2  conftest.c >&5
configure:4515: $? = 0
configure:4515: result: yes
configure:4515: checking for sys/stat.h
configure:4515: riscv64-buildroot-linux-musl-gcc -c -g -O2  conftest.c >&5
configure:4515: $? = 0
configure:4515: result: yes
configure:4515: checking for sys/types.h
configure:4515: riscv64-buildroot-linux-musl-gcc -c -g -O2  conftest.c >&5
configure:4515: $? = 0
configure:4515: result: yes
configure:4515: checking for unistd.h
configure:4515: riscv64-buildroot-linux-musl-gcc -c -g -O2  conftest.c >&5
configure:4515: $? = 0
configure:4515: result: yes
configure:4540: checking for gssapi/gssapi.h
configure:4540: riscv64-buildroot-linux-musl-gcc -c -g -O2  conftest.c >&5
conftest.c:49:10: fatal error: gssapi/gssapi.h: No such file or directory
   49 | #include <gssapi/gssapi.h>
      |          ^~~~~~~~~~~~~~~~~
compilation terminated.
configure:4540: $? = 1
configure: failed program was:
| /* confdefs.h */
| #define PACKAGE_NAME "libtirpc"
| #define PACKAGE_TARNAME "libtirpc"
| #define PACKAGE_VERSION "1.3.2"
| #define PACKAGE_STRING "libtirpc 1.3.2"
| #define PACKAGE_BUGREPORT ""
| #define PACKAGE_URL ""
| #define PACKAGE "libtirpc"
| #define VERSION "1.3.2"
| #define HAVE_STDIO_H 1
| #define HAVE_STDLIB_H 1
| #define HAVE_STRING_H 1
| #define HAVE_INTTYPES_H 1
| #define HAVE_STDINT_H 1
| #define HAVE_STRINGS_H 1
| #define HAVE_SYS_STAT_H 1
| #define HAVE_SYS_TYPES_H 1
| #define HAVE_UNISTD_H 1
| #define STDC_HEADERS 1
| /* end confdefs.h.  */
| #include <stddef.h>
| #ifdef HAVE_STDIO_H
| # include <stdio.h>
| #endif
| #ifdef HAVE_STDLIB_H
| # include <stdlib.h>
| #endif
| #ifdef HAVE_STRING_H
| # include <string.h>
| #endif
| #ifdef HAVE_INTTYPES_H
| # include <inttypes.h>
| #endif
| #ifdef HAVE_STDINT_H
| # include <stdint.h>
| #endif
| #ifdef HAVE_STRINGS_H
| # include <strings.h>
| #endif
| #ifdef HAVE_SYS_TYPES_H
| # include <sys/types.h>
| #endif
| #ifdef HAVE_SYS_STAT_H
| # include <sys/stat.h>
| #endif
| #ifdef HAVE_UNISTD_H
| # include <unistd.h>
| #endif
| #include <gssapi/gssapi.h>
configure:4540: result: no
configure:4748: checking build system type
configure:4763: result: x86_64-pc-linux-gnu
configure:4825: checking host system type
configure:4839: result: riscv64-buildroot-linux-musl
configure:4880: checking how to print strings
configure:4907: result: printf
configure:4928: checking for a sed that does not truncate output
configure:4998: result: /usr/bin/sed
configure:5016: checking for grep that handles long lines and -e
configure:5080: result: /usr/bin/grep
configure:5085: checking for egrep
configure:5153: result: /usr/bin/grep -E
configure:5158: checking for fgrep
configure:5226: result: /usr/bin/grep -F
configure:5262: checking for ld used by riscv64-buildroot-linux-musl-gcc
configure:5330: result: /home/yufeng/os-libc-test/toolchain/riscv64--musl--bleeding-edge-2020.08-1/riscv64-buildroot-linux-musl/bin/ld
configure:5337: checking if the linker (/home/yufeng/os-libc-test/toolchain/riscv64--musl--bleeding-edge-2020.08-1/riscv64-buildroot-linux-musl/bin/ld) is GNU ld
configure:5353: result: yes
configure:5365: checking for BSD- or MS-compatible name lister (nm)
configure:5420: result: /home/yufeng/os-libc-test/toolchain/riscv64--musl--bleeding-edge-2020.08-1/bin/riscv64-buildroot-linux-musl-nm -B
configure:5560: checking the name lister (/home/yufeng/os-libc-test/toolchain/riscv64--musl--bleeding-edge-2020.08-1/bin/riscv64-buildroot-linux-musl-nm -B) interface
configure:5568: riscv64-buildroot-linux-musl-gcc -c -g -O2  conftest.c >&5
configure:5571: /home/yufeng/os-libc-test/toolchain/riscv64--musl--bleeding-edge-2020.08-1/bin/riscv64-buildroot-linux-musl-nm -B "conftest.o"
configure:5574: output
0000000000000029 N .LASF0
0000000000000069 N .LASF1
0000000000000000 N .LASF2
000000000000005b N .LASF3
0000000000000000 N .Ldebug_abbrev0
0000000000000000 N .Ldebug_info0
0000000000000000 N .Ldebug_line0
0000000000000000 B some_variable
configure:5581: result: BSD nm
configure:5584: checking whether ln -s works
configure:5588: result: yes
configure:5596: checking the maximum length of command line arguments
configure:5728: result: 1572864
configure:5776: checking how to convert x86_64-pc-linux-gnu file names to riscv64-buildroot-linux-musl format
configure:5817: result: func_convert_file_noop
configure:5824: checking how to convert x86_64-pc-linux-gnu file names to toolchain format
configure:5845: result: func_convert_file_noop
configure:5852: checking for /home/yufeng/os-libc-test/toolchain/riscv64--musl--bleeding-edge-2020.08-1/riscv64-buildroot-linux-musl/bin/ld option to reload object files
configure:5860: result: -r
configure:5894: checking for riscv64-buildroot-linux-musl-file
configure:5929: result: no
configure:5939: checking for file
configure:5960: found /usr/bin/file
configure:5971: result: file
configure:5983: WARNING: using cross tools not prefixed with host triplet
configure:6002: checking for riscv64-buildroot-linux-musl-objdump
configure:6023: found /home/yufeng/os-libc-test/toolchain/riscv64--musl--bleeding-edge-2020.08-1/bin/riscv64-buildroot-linux-musl-objdump
configure:6034: result: riscv64-buildroot-linux-musl-objdump
configure:6111: checking how to recognize dependent libraries
configure:6312: result: pass_all
configure:6357: checking for riscv64-buildroot-linux-musl-dlltool
configure:6392: result: no
configure:6402: checking for dlltool
configure:6437: result: no
configure:6467: checking how to associate runtime and link libraries
configure:6495: result: printf %s\n
configure:6511: checking for riscv64-buildroot-linux-musl-ar
configure:6532: found /home/yufeng/os-libc-test/toolchain/riscv64--musl--bleeding-edge-2020.08-1/bin/riscv64-buildroot-linux-musl-ar
configure:6543: result: riscv64-buildroot-linux-musl-ar
configure:6645: checking for archiver @FILE support
configure:6663: riscv64-buildroot-linux-musl-gcc -c -g -O2  conftest.c >&5
configure:6663: $? = 0
configure:6667: riscv64-buildroot-linux-musl-ar cr libconftest.a @conftest.lst >&5
configure:6670: $? = 0
configure:6675: riscv64-buildroot-linux-musl-ar cr libconftest.a @conftest.lst >&5
riscv64-buildroot-linux-musl-ar: conftest.o: No such file or directory
configure:6678: $? = 1
configure:6690: result: @
configure:6708: checking for riscv64-buildroot-linux-musl-strip
configure:6740: result: riscv64-buildroot-linux-musl-strip
configure:6817: checking for riscv64-buildroot-linux-musl-ranlib
configure:6838: found /home/yufeng/os-libc-test/toolchain/riscv64--musl--bleeding-edge-2020.08-1/bin/riscv64-buildroot-linux-musl-ranlib
configure:6849: result: riscv64-buildroot-linux-musl-ranlib
configure:6996: checking command to parse /home/yufeng/os-libc-test/toolchain/riscv64--musl--bleeding-edge-2020.08-1/bin/riscv64-buildroot-linux-musl-nm -B output from riscv64-buildroot-linux-musl-gcc object
configure:7150: riscv64-buildroot-linux-musl-gcc -c -g -O2  conftest.c >&5
configure:7153: $? = 0
configure:7157: /home/yufeng/os-libc-test/toolchain/riscv64--musl--bleeding-edge-2020.08-1/bin/riscv64-buildroot-linux-musl-nm -B conftest.o \| /usr/bin/sed -n -e 's/^.*[ ]\([ABCDGIRSTW][ABCDGIRSTW]*\)[ ][ ]*\([_A-Za-z][_A-Za-z0-9]*\)$/\1 \2 \2/p' | /usr/bin/sed '/ __gnu_lto/d' \> conftest.nm
configure:7160: $? = 0
configure:7226: riscv64-buildroot-linux-musl-gcc -o conftest -g -O2   conftest.c conftstm.o >&5
configure:7229: $? = 0
configure:7267: result: ok
configure:7314: checking for sysroot
configure:7345: result: no
configure:7352: checking for a working dd
configure:7396: result: /usr/bin/dd
configure:7400: checking how to truncate binary pipes
configure:7416: result: /usr/bin/dd bs=4096 count=1
configure:7708: checking for riscv64-buildroot-linux-musl-mt
configure:7743: result: no
configure:7753: checking for mt
configure:7774: found /usr/bin/mt
configure:7785: result: mt
configure:7808: checking if mt is a manifest tool
configure:7815: mt '-?'
configure:7823: result: no
configure:8544: checking for dlfcn.h
configure:8544: riscv64-buildroot-linux-musl-gcc -c -g -O2  conftest.c >&5
configure:8544: $? = 0
configure:8544: result: yes
configure:8803: checking for objdir
configure:8819: result: .libs
configure:9079: checking if riscv64-buildroot-linux-musl-gcc supports -fno-rtti -fno-exceptions
configure:9098: riscv64-buildroot-linux-musl-gcc -c -g -O2  -fno-rtti -fno-exceptions conftest.c >&5
cc1: warning: command-line option '-fno-rtti' is valid for C++/D/ObjC++ but not for C
configure:9102: $? = 0
configure:9115: result: no
configure:9473: checking for riscv64-buildroot-linux-musl-gcc option to produce PIC
configure:9481: result: -fPIC -DPIC
configure:9489: checking if riscv64-buildroot-linux-musl-gcc PIC flag -fPIC -DPIC works
configure:9508: riscv64-buildroot-linux-musl-gcc -c -g -O2  -fPIC -DPIC -DPIC conftest.c >&5
configure:9512: $? = 0
configure:9525: result: yes
configure:9554: checking if riscv64-buildroot-linux-musl-gcc static flag -static works
configure:9583: result: yes
configure:9598: checking if riscv64-buildroot-linux-musl-gcc supports -c -o file.o
configure:9620: riscv64-buildroot-linux-musl-gcc -c -g -O2  -o out/conftest2.o conftest.c >&5
configure:9624: $? = 0
configure:9646: result: yes
configure:9654: checking if riscv64-buildroot-linux-musl-gcc supports -c -o file.o
configure:9702: result: yes
configure:9735: checking whether the riscv64-buildroot-linux-musl-gcc linker (/home/yufeng/os-libc-test/toolchain/riscv64--musl--bleeding-edge-2020.08-1/riscv64-buildroot-linux-musl/bin/ld) supports shared libraries
configure:11003: result: yes
configure:11040: checking whether -lc should be explicitly linked in
configure:11049: riscv64-buildroot-linux-musl-gcc -c -g -O2  conftest.c >&5
configure:11052: $? = 0
configure:11067: riscv64-buildroot-linux-musl-gcc -shared  -fPIC -DPIC conftest.o  -v -Wl,-soname -Wl,conftest -o conftest 2\>\&1 \| /usr/bin/grep  -lc  \>/dev/null 2\>\&1
configure:11070: $? = 0
configure:11084: result: no
configure:11244: checking dynamic linker characteristics
configure:11826: riscv64-buildroot-linux-musl-gcc -o conftest -g -O2   -Wl,-rpath -Wl,/foo conftest.c  >&5
configure:11826: $? = 0
configure:12068: result: GNU/Linux ld.so
configure:12190: checking how to hardcode library paths into programs
configure:12215: result: immediate
configure:12767: checking whether stripping libraries is possible
configure:12776: result: yes
configure:12818: checking if libtool supports shared libraries
configure:12820: result: yes
configure:12823: checking whether to build shared libraries
configure:12848: result: yes
configure:12851: checking whether to build static libraries
configure:12855: result: yes
configure:12895: checking for dirent.h that defines DIR
configure:12915: riscv64-buildroot-linux-musl-gcc -c -g -O2  conftest.c >&5
configure:12915: $? = 0
configure:12924: result: yes
configure:12938: checking for library containing opendir
configure:12968: riscv64-buildroot-linux-musl-gcc -o conftest -g -O2   conftest.c  >&5
configure:12968: $? = 0
configure:12988: result: none required
configure:13060: checking for arpa/inet.h
configure:13060: riscv64-buildroot-linux-musl-gcc -c -g -O2  conftest.c >&5
configure:13060: $? = 0
configure:13060: result: yes
configure:13066: checking for fcntl.h
configure:13066: riscv64-buildroot-linux-musl-gcc -c -g -O2  conftest.c >&5
configure:13066: $? = 0
configure:13066: result: yes
configure:13072: checking for libintl.h
configure:13072: riscv64-buildroot-linux-musl-gcc -c -g -O2  conftest.c >&5
configure:13072: $? = 0
configure:13072: result: yes
configure:13078: checking for limits.h
configure:13078: riscv64-buildroot-linux-musl-gcc -c -g -O2  conftest.c >&5
configure:13078: $? = 0
configure:13078: result: yes
configure:13084: checking for locale.h
configure:13084: riscv64-buildroot-linux-musl-gcc -c -g -O2  conftest.c >&5
configure:13084: $? = 0
configure:13084: result: yes
configure:13090: checking for netdb.h
configure:13090: riscv64-buildroot-linux-musl-gcc -c -g -O2  conftest.c >&5
configure:13090: $? = 0
configure:13090: result: yes
configure:13096: checking for netinet/in.h
configure:13096: riscv64-buildroot-linux-musl-gcc -c -g -O2  conftest.c >&5
configure:13096: $? = 0
configure:13096: result: yes
configure:13102: checking for stddef.h
configure:13102: riscv64-buildroot-linux-musl-gcc -c -g -O2  conftest.c >&5
configure:13102: $? = 0
configure:13102: result: yes
configure:13108: checking for stdint.h
configure:13108: result: yes
configure:13114: checking for stdlib.h
configure:13114: result: yes
configure:13120: checking for string.h
configure:13120: result: yes
configure:13126: checking for sys/ioctl.h
configure:13126: riscv64-buildroot-linux-musl-gcc -c -g -O2  conftest.c >&5
configure:13126: $? = 0
configure:13126: result: yes
configure:13132: checking for sys/param.h
configure:13132: riscv64-buildroot-linux-musl-gcc -c -g -O2  conftest.c >&5
configure:13132: $? = 0
configure:13132: result: yes
configure:13138: checking for sys/socket.h
configure:13138: riscv64-buildroot-linux-musl-gcc -c -g -O2  conftest.c >&5
configure:13138: $? = 0
configure:13138: result: yes
configure:13144: checking for sys/time.h
configure:13144: riscv64-buildroot-linux-musl-gcc -c -g -O2  conftest.c >&5
configure:13144: $? = 0
configure:13144: result: yes
configure:13150: checking for syslog.h
configure:13150: riscv64-buildroot-linux-musl-gcc -c -g -O2  conftest.c >&5
configure:13150: $? = 0
configure:13150: result: yes
configure:13156: checking for unistd.h
configure:13156: result: yes
configure:13162: checking for features.h
configure:13162: riscv64-buildroot-linux-musl-gcc -c -g -O2  conftest.c >&5
configure:13162: $? = 0
configure:13162: result: yes
configure:13168: checking for gssapi/gssapi_ext.h
configure:13168: riscv64-buildroot-linux-musl-gcc -c -g -O2  conftest.c >&5
conftest.c:71:10: fatal error: gssapi/gssapi_ext.h: No such file or directory
   71 | #include <gssapi/gssapi_ext.h>
      |          ^~~~~~~~~~~~~~~~~~~~~
compilation terminated.
configure:13168: $? = 1
configure: failed program was:
| /* confdefs.h */
| #define PACKAGE_NAME "libtirpc"
| #define PACKAGE_TARNAME "libtirpc"
| #define PACKAGE_VERSION "1.3.2"
| #define PACKAGE_STRING "libtirpc 1.3.2"
| #define PACKAGE_BUGREPORT ""
| #define PACKAGE_URL ""
| #define PACKAGE "libtirpc"
| #define VERSION "1.3.2"
| #define HAVE_STDIO_H 1
| #define HAVE_STDLIB_H 1
| #define HAVE_STRING_H 1
| #define HAVE_INTTYPES_H 1
| #define HAVE_STDINT_H 1
| #define HAVE_STRINGS_H 1
| #define HAVE_SYS_STAT_H 1
| #define HAVE_SYS_TYPES_H 1
| #define HAVE_UNISTD_H 1
| #define STDC_HEADERS 1
| #define INET6 1
| #define HAVE_DLFCN_H 1
| #define LT_OBJDIR ".libs/"
| #define HAVE_DIRENT_H 1
| #define HAVE_ARPA_INET_H 1
| #define HAVE_FCNTL_H 1
| #define HAVE_LIBINTL_H 1
| #define HAVE_LIMITS_H 1
| #define HAVE_LOCALE_H 1
| #define HAVE_NETDB_H 1
| #define HAVE_NETINET_IN_H 1
| #define HAVE_STDDEF_H 1
| #define HAVE_STDINT_H 1
| #define HAVE_STDLIB_H 1
| #define HAVE_STRING_H 1
| #define HAVE_SYS_IOCTL_H 1
| #define HAVE_SYS_PARAM_H 1
| #define HAVE_SYS_SOCKET_H 1
| #define HAVE_SYS_TIME_H 1
| #define HAVE_SYSLOG_H 1
| #define HAVE_UNISTD_H 1
| #define HAVE_FEATURES_H 1
| /* end confdefs.h.  */
| #include <stddef.h>
| #ifdef HAVE_STDIO_H
| # include <stdio.h>
| #endif
| #ifdef HAVE_STDLIB_H
| # include <stdlib.h>
| #endif
| #ifdef HAVE_STRING_H
| # include <string.h>
| #endif
| #ifdef HAVE_INTTYPES_H
| # include <inttypes.h>
| #endif
| #ifdef HAVE_STDINT_H
| # include <stdint.h>
| #endif
| #ifdef HAVE_STRINGS_H
| # include <strings.h>
| #endif
| #ifdef HAVE_SYS_TYPES_H
| # include <sys/types.h>
| #endif
| #ifdef HAVE_SYS_STAT_H
| # include <sys/stat.h>
| #endif
| #ifdef HAVE_UNISTD_H
| # include <unistd.h>
| #endif
| #include <gssapi/gssapi_ext.h>
configure:13168: result: no
configure:13180: checking how to run the C preprocessor
configure:13206: riscv64-buildroot-linux-musl-gcc -E  conftest.c
configure:13206: $? = 0
configure:13221: riscv64-buildroot-linux-musl-gcc -E  conftest.c
conftest.c:43:10: fatal error: ac_nonexistent.h: No such file or directory
   43 | #include <ac_nonexistent.h>
      |          ^~~~~~~~~~~~~~~~~~
compilation terminated.
configure:13221: $? = 1
configure: failed program was:
| /* confdefs.h */
| #define PACKAGE_NAME "libtirpc"
| #define PACKAGE_TARNAME "libtirpc"
| #define PACKAGE_VERSION "1.3.2"
| #define PACKAGE_STRING "libtirpc 1.3.2"
| #define PACKAGE_BUGREPORT ""
| #define PACKAGE_URL ""
| #define PACKAGE "libtirpc"
| #define VERSION "1.3.2"
| #define HAVE_STDIO_H 1
| #define HAVE_STDLIB_H 1
| #define HAVE_STRING_H 1
| #define HAVE_INTTYPES_H 1
| #define HAVE_STDINT_H 1
| #define HAVE_STRINGS_H 1
| #define HAVE_SYS_STAT_H 1
| #define HAVE_SYS_TYPES_H 1
| #define HAVE_UNISTD_H 1
| #define STDC_HEADERS 1
| #define INET6 1
| #define HAVE_DLFCN_H 1
| #define LT_OBJDIR ".libs/"
| #define HAVE_DIRENT_H 1
| #define HAVE_ARPA_INET_H 1
| #define HAVE_FCNTL_H 1
| #define HAVE_LIBINTL_H 1
| #define HAVE_LIMITS_H 1
| #define HAVE_LOCALE_H 1
| #define HAVE_NETDB_H 1
| #define HAVE_NETINET_IN_H 1
| #define HAVE_STDDEF_H 1
| #define HAVE_STDINT_H 1
| #define HAVE_STDLIB_H 1
| #define HAVE_STRING_H 1
| #define HAVE_SYS_IOCTL_H 1
| #define HAVE_SYS_PARAM_H 1
| #define HAVE_SYS_SOCKET_H 1
| #define HAVE_SYS_TIME_H 1
| #define HAVE_SYSLOG_H 1
| #define HAVE_UNISTD_H 1
| #define HAVE_FEATURES_H 1
| /* end confdefs.h.  */
| #include <ac_nonexistent.h>
configure:13248: result: riscv64-buildroot-linux-musl-gcc -E
configure:13262: riscv64-buildroot-linux-musl-gcc -E  conftest.c
configure:13262: $? = 0
configure:13277: riscv64-buildroot-linux-musl-gcc -E  conftest.c
conftest.c:43:10: fatal error: ac_nonexistent.h: No such file or directory
   43 | #include <ac_nonexistent.h>
      |          ^~~~~~~~~~~~~~~~~~
compilation terminated.
configure:13277: $? = 1
configure: failed program was:
| /* confdefs.h */
| #define PACKAGE_NAME "libtirpc"
| #define PACKAGE_TARNAME "libtirpc"
| #define PACKAGE_VERSION "1.3.2"
| #define PACKAGE_STRING "libtirpc 1.3.2"
| #define PACKAGE_BUGREPORT ""
| #define PACKAGE_URL ""
| #define PACKAGE "libtirpc"
| #define VERSION "1.3.2"
| #define HAVE_STDIO_H 1
| #define HAVE_STDLIB_H 1
| #define HAVE_STRING_H 1
| #define HAVE_INTTYPES_H 1
| #define HAVE_STDINT_H 1
| #define HAVE_STRINGS_H 1
| #define HAVE_SYS_STAT_H 1
| #define HAVE_SYS_TYPES_H 1
| #define HAVE_UNISTD_H 1
| #define STDC_HEADERS 1
| #define INET6 1
| #define HAVE_DLFCN_H 1
| #define LT_OBJDIR ".libs/"
| #define HAVE_DIRENT_H 1
| #define HAVE_ARPA_INET_H 1
| #define HAVE_FCNTL_H 1
| #define HAVE_LIBINTL_H 1
| #define HAVE_LIMITS_H 1
| #define HAVE_LOCALE_H 1
| #define HAVE_NETDB_H 1
| #define HAVE_NETINET_IN_H 1
| #define HAVE_STDDEF_H 1
| #define HAVE_STDINT_H 1
| #define HAVE_STDLIB_H 1
| #define HAVE_STRING_H 1
| #define HAVE_SYS_IOCTL_H 1
| #define HAVE_SYS_PARAM_H 1
| #define HAVE_SYS_SOCKET_H 1
| #define HAVE_SYS_TIME_H 1
| #define HAVE_SYSLOG_H 1
| #define HAVE_UNISTD_H 1
| #define HAVE_FEATURES_H 1
| /* end confdefs.h.  */
| #include <ac_nonexistent.h>
configure:13468: checking whether riscv64-buildroot-linux-musl-gcc is Clang
configure:13495: result: no
configure:13560: checking whether pthreads work with "-pthread" and "-lpthread"
configure:13671: riscv64-buildroot-linux-musl-gcc -o conftest -g -O2 -pthread   conftest.c -lpthread  >&5
configure:13671: $? = 0
configure:13681: result: yes
configure:13804: checking for joinable pthread attribute
configure:13823: riscv64-buildroot-linux-musl-gcc -o conftest -g -O2 -pthread   conftest.c -lpthread  >&5
configure:13823: $? = 0
configure:13832: result: PTHREAD_CREATE_JOINABLE
configure:13845: checking whether more special flags are required for pthreads
configure:13859: result: no
configure:13868: checking for PTHREAD_PRIO_INHERIT
configure:13886: riscv64-buildroot-linux-musl-gcc -o conftest -g -O2 -pthread   conftest.c -lpthread  >&5
configure:13886: $? = 0
configure:13896: result: yes
configure:14071: checking for getrpcbyname
configure:14071: riscv64-buildroot-linux-musl-gcc -o conftest -g -O2   conftest.c  >&5
/home/yufeng/os-libc-test/toolchain/riscv64--musl--bleeding-edge-2020.08-1/bin/../lib/gcc/riscv64-buildroot-linux-musl/10.2.0/../../../../riscv64-buildroot-linux-musl/bin/ld: /tmp/ccSHmsne.o: in function `main':
/home/yufeng/os-libc-test/libtirpc-1.3.3/conftest.c:72: undefined reference to `getrpcbyname'
collect2: error: ld returned 1 exit status
configure:14071: $? = 1
configure: failed program was:
| /* confdefs.h */
| #define PACKAGE_NAME "libtirpc"
| #define PACKAGE_TARNAME "libtirpc"
| #define PACKAGE_VERSION "1.3.2"
| #define PACKAGE_STRING "libtirpc 1.3.2"
| #define PACKAGE_BUGREPORT ""
| #define PACKAGE_URL ""
| #define PACKAGE "libtirpc"
| #define VERSION "1.3.2"
| #define HAVE_STDIO_H 1
| #define HAVE_STDLIB_H 1
| #define HAVE_STRING_H 1
| #define HAVE_INTTYPES_H 1
| #define HAVE_STDINT_H 1
| #define HAVE_STRINGS_H 1
| #define HAVE_SYS_STAT_H 1
| #define HAVE_SYS_TYPES_H 1
| #define HAVE_UNISTD_H 1
| #define STDC_HEADERS 1
| #define INET6 1
| #define HAVE_DLFCN_H 1
| #define LT_OBJDIR ".libs/"
| #define HAVE_DIRENT_H 1
| #define HAVE_ARPA_INET_H 1
| #define HAVE_FCNTL_H 1
| #define HAVE_LIBINTL_H 1
| #define HAVE_LIMITS_H 1
| #define HAVE_LOCALE_H 1
| #define HAVE_NETDB_H 1
| #define HAVE_NETINET_IN_H 1
| #define HAVE_STDDEF_H 1
| #define HAVE_STDINT_H 1
| #define HAVE_STDLIB_H 1
| #define HAVE_STRING_H 1
| #define HAVE_SYS_IOCTL_H 1
| #define HAVE_SYS_PARAM_H 1
| #define HAVE_SYS_SOCKET_H 1
| #define HAVE_SYS_TIME_H 1
| #define HAVE_SYSLOG_H 1
| #define HAVE_UNISTD_H 1
| #define HAVE_FEATURES_H 1
| #define HAVE_PTHREAD_PRIO_INHERIT 1
| #define HAVE_PTHREAD 1
| /* end confdefs.h.  */
| /* Define getrpcbyname to an innocuous variant, in case <limits.h> declares getrpcbyname.
|    For example, HP-UX 11i <limits.h> declares gettimeofday.  */
| #define getrpcbyname innocuous_getrpcbyname
| 
| /* System header to define __stub macros and hopefully few prototypes,
|    which can conflict with char getrpcbyname (); below.  */
| 
| #include <limits.h>
| #undef getrpcbyname
| 
| /* Override any GCC internal prototype to avoid an error.
|    Use char because int might match the return type of a GCC
|    builtin and then its argument prototype would still apply.  */
| #ifdef __cplusplus
| extern "C"
| #endif
| char getrpcbyname ();
| /* The GNU C library defines this for functions which it implements
|     to always fail with ENOSYS.  Some functions are actually named
|     something starting with __ and the normal name is an alias.  */
| #if defined __stub_getrpcbyname || defined __stub___getrpcbyname
| choke me
| #endif
| 
| int
| main (void)
| {
| return getrpcbyname ();
|   ;
|   return 0;
| }
configure:14071: result: no
configure:14077: checking for getrpcbynumber
configure:14077: riscv64-buildroot-linux-musl-gcc -o conftest -g -O2   conftest.c  >&5
/home/yufeng/os-libc-test/toolchain/riscv64--musl--bleeding-edge-2020.08-1/bin/../lib/gcc/riscv64-buildroot-linux-musl/10.2.0/../../../../riscv64-buildroot-linux-musl/bin/ld: /tmp/ccySd3Wi.o: in function `main':
/home/yufeng/os-libc-test/libtirpc-1.3.3/conftest.c:72: undefined reference to `getrpcbynumber'
collect2: error: ld returned 1 exit status
configure:14077: $? = 1
configure: failed program was:
| /* confdefs.h */
| #define PACKAGE_NAME "libtirpc"
| #define PACKAGE_TARNAME "libtirpc"
| #define PACKAGE_VERSION "1.3.2"
| #define PACKAGE_STRING "libtirpc 1.3.2"
| #define PACKAGE_BUGREPORT ""
| #define PACKAGE_URL ""
| #define PACKAGE "libtirpc"
| #define VERSION "1.3.2"
| #define HAVE_STDIO_H 1
| #define HAVE_STDLIB_H 1
| #define HAVE_STRING_H 1
| #define HAVE_INTTYPES_H 1
| #define HAVE_STDINT_H 1
| #define HAVE_STRINGS_H 1
| #define HAVE_SYS_STAT_H 1
| #define HAVE_SYS_TYPES_H 1
| #define HAVE_UNISTD_H 1
| #define STDC_HEADERS 1
| #define INET6 1
| #define HAVE_DLFCN_H 1
| #define LT_OBJDIR ".libs/"
| #define HAVE_DIRENT_H 1
| #define HAVE_ARPA_INET_H 1
| #define HAVE_FCNTL_H 1
| #define HAVE_LIBINTL_H 1
| #define HAVE_LIMITS_H 1
| #define HAVE_LOCALE_H 1
| #define HAVE_NETDB_H 1
| #define HAVE_NETINET_IN_H 1
| #define HAVE_STDDEF_H 1
| #define HAVE_STDINT_H 1
| #define HAVE_STDLIB_H 1
| #define HAVE_STRING_H 1
| #define HAVE_SYS_IOCTL_H 1
| #define HAVE_SYS_PARAM_H 1
| #define HAVE_SYS_SOCKET_H 1
| #define HAVE_SYS_TIME_H 1
| #define HAVE_SYSLOG_H 1
| #define HAVE_UNISTD_H 1
| #define HAVE_FEATURES_H 1
| #define HAVE_PTHREAD_PRIO_INHERIT 1
| #define HAVE_PTHREAD 1
| /* end confdefs.h.  */
| /* Define getrpcbynumber to an innocuous variant, in case <limits.h> declares getrpcbynumber.
|    For example, HP-UX 11i <limits.h> declares gettimeofday.  */
| #define getrpcbynumber innocuous_getrpcbynumber
| 
| /* System header to define __stub macros and hopefully few prototypes,
|    which can conflict with char getrpcbynumber (); below.  */
| 
| #include <limits.h>
| #undef getrpcbynumber
| 
| /* Override any GCC internal prototype to avoid an error.
|    Use char because int might match the return type of a GCC
|    builtin and then its argument prototype would still apply.  */
| #ifdef __cplusplus
| extern "C"
| #endif
| char getrpcbynumber ();
| /* The GNU C library defines this for functions which it implements
|     to always fail with ENOSYS.  Some functions are actually named
|     something starting with __ and the normal name is an alias.  */
| #if defined __stub_getrpcbynumber || defined __stub___getrpcbynumber
| choke me
| #endif
| 
| int
| main (void)
| {
| return getrpcbynumber ();
|   ;
|   return 0;
| }
configure:14077: result: no
configure:14083: checking for setrpcent
configure:14083: riscv64-buildroot-linux-musl-gcc -o conftest -g -O2   conftest.c  >&5
/home/yufeng/os-libc-test/toolchain/riscv64--musl--bleeding-edge-2020.08-1/bin/../lib/gcc/riscv64-buildroot-linux-musl/10.2.0/../../../../riscv64-buildroot-linux-musl/bin/ld: /tmp/cc3YkDer.o: in function `main':
/home/yufeng/os-libc-test/libtirpc-1.3.3/conftest.c:72: undefined reference to `setrpcent'
collect2: error: ld returned 1 exit status
configure:14083: $? = 1
configure: failed program was:
| /* confdefs.h */
| #define PACKAGE_NAME "libtirpc"
| #define PACKAGE_TARNAME "libtirpc"
| #define PACKAGE_VERSION "1.3.2"
| #define PACKAGE_STRING "libtirpc 1.3.2"
| #define PACKAGE_BUGREPORT ""
| #define PACKAGE_URL ""
| #define PACKAGE "libtirpc"
| #define VERSION "1.3.2"
| #define HAVE_STDIO_H 1
| #define HAVE_STDLIB_H 1
| #define HAVE_STRING_H 1
| #define HAVE_INTTYPES_H 1
| #define HAVE_STDINT_H 1
| #define HAVE_STRINGS_H 1
| #define HAVE_SYS_STAT_H 1
| #define HAVE_SYS_TYPES_H 1
| #define HAVE_UNISTD_H 1
| #define STDC_HEADERS 1
| #define INET6 1
| #define HAVE_DLFCN_H 1
| #define LT_OBJDIR ".libs/"
| #define HAVE_DIRENT_H 1
| #define HAVE_ARPA_INET_H 1
| #define HAVE_FCNTL_H 1
| #define HAVE_LIBINTL_H 1
| #define HAVE_LIMITS_H 1
| #define HAVE_LOCALE_H 1
| #define HAVE_NETDB_H 1
| #define HAVE_NETINET_IN_H 1
| #define HAVE_STDDEF_H 1
| #define HAVE_STDINT_H 1
| #define HAVE_STDLIB_H 1
| #define HAVE_STRING_H 1
| #define HAVE_SYS_IOCTL_H 1
| #define HAVE_SYS_PARAM_H 1
| #define HAVE_SYS_SOCKET_H 1
| #define HAVE_SYS_TIME_H 1
| #define HAVE_SYSLOG_H 1
| #define HAVE_UNISTD_H 1
| #define HAVE_FEATURES_H 1
| #define HAVE_PTHREAD_PRIO_INHERIT 1
| #define HAVE_PTHREAD 1
| /* end confdefs.h.  */
| /* Define setrpcent to an innocuous variant, in case <limits.h> declares setrpcent.
|    For example, HP-UX 11i <limits.h> declares gettimeofday.  */
| #define setrpcent innocuous_setrpcent
| 
| /* System header to define __stub macros and hopefully few prototypes,
|    which can conflict with char setrpcent (); below.  */
| 
| #include <limits.h>
| #undef setrpcent
| 
| /* Override any GCC internal prototype to avoid an error.
|    Use char because int might match the return type of a GCC
|    builtin and then its argument prototype would still apply.  */
| #ifdef __cplusplus
| extern "C"
| #endif
| char setrpcent ();
| /* The GNU C library defines this for functions which it implements
|     to always fail with ENOSYS.  Some functions are actually named
|     something starting with __ and the normal name is an alias.  */
| #if defined __stub_setrpcent || defined __stub___setrpcent
| choke me
| #endif
| 
| int
| main (void)
| {
| return setrpcent ();
|   ;
|   return 0;
| }
configure:14083: result: no
configure:14089: checking for endrpcent
configure:14089: riscv64-buildroot-linux-musl-gcc -o conftest -g -O2   conftest.c  >&5
/home/yufeng/os-libc-test/toolchain/riscv64--musl--bleeding-edge-2020.08-1/bin/../lib/gcc/riscv64-buildroot-linux-musl/10.2.0/../../../../riscv64-buildroot-linux-musl/bin/ld: /tmp/ccLQcoot.o: in function `main':
/home/yufeng/os-libc-test/libtirpc-1.3.3/conftest.c:72: undefined reference to `endrpcent'
collect2: error: ld returned 1 exit status
configure:14089: $? = 1
configure: failed program was:
| /* confdefs.h */
| #define PACKAGE_NAME "libtirpc"
| #define PACKAGE_TARNAME "libtirpc"
| #define PACKAGE_VERSION "1.3.2"
| #define PACKAGE_STRING "libtirpc 1.3.2"
| #define PACKAGE_BUGREPORT ""
| #define PACKAGE_URL ""
| #define PACKAGE "libtirpc"
| #define VERSION "1.3.2"
| #define HAVE_STDIO_H 1
| #define HAVE_STDLIB_H 1
| #define HAVE_STRING_H 1
| #define HAVE_INTTYPES_H 1
| #define HAVE_STDINT_H 1
| #define HAVE_STRINGS_H 1
| #define HAVE_SYS_STAT_H 1
| #define HAVE_SYS_TYPES_H 1
| #define HAVE_UNISTD_H 1
| #define STDC_HEADERS 1
| #define INET6 1
| #define HAVE_DLFCN_H 1
| #define LT_OBJDIR ".libs/"
| #define HAVE_DIRENT_H 1
| #define HAVE_ARPA_INET_H 1
| #define HAVE_FCNTL_H 1
| #define HAVE_LIBINTL_H 1
| #define HAVE_LIMITS_H 1
| #define HAVE_LOCALE_H 1
| #define HAVE_NETDB_H 1
| #define HAVE_NETINET_IN_H 1
| #define HAVE_STDDEF_H 1
| #define HAVE_STDINT_H 1
| #define HAVE_STDLIB_H 1
| #define HAVE_STRING_H 1
| #define HAVE_SYS_IOCTL_H 1
| #define HAVE_SYS_PARAM_H 1
| #define HAVE_SYS_SOCKET_H 1
| #define HAVE_SYS_TIME_H 1
| #define HAVE_SYSLOG_H 1
| #define HAVE_UNISTD_H 1
| #define HAVE_FEATURES_H 1
| #define HAVE_PTHREAD_PRIO_INHERIT 1
| #define HAVE_PTHREAD 1
| /* end confdefs.h.  */
| /* Define endrpcent to an innocuous variant, in case <limits.h> declares endrpcent.
|    For example, HP-UX 11i <limits.h> declares gettimeofday.  */
| #define endrpcent innocuous_endrpcent
| 
| /* System header to define __stub macros and hopefully few prototypes,
|    which can conflict with char endrpcent (); below.  */
| 
| #include <limits.h>
| #undef endrpcent
| 
| /* Override any GCC internal prototype to avoid an error.
|    Use char because int might match the return type of a GCC
|    builtin and then its argument prototype would still apply.  */
| #ifdef __cplusplus
| extern "C"
| #endif
| char endrpcent ();
| /* The GNU C library defines this for functions which it implements
|     to always fail with ENOSYS.  Some functions are actually named
|     something starting with __ and the normal name is an alias.  */
| #if defined __stub_endrpcent || defined __stub___endrpcent
| choke me
| #endif
| 
| int
| main (void)
| {
| return endrpcent ();
|   ;
|   return 0;
| }
configure:14089: result: no
configure:14095: checking for getrpcent
configure:14095: riscv64-buildroot-linux-musl-gcc -o conftest -g -O2   conftest.c  >&5
/home/yufeng/os-libc-test/toolchain/riscv64--musl--bleeding-edge-2020.08-1/bin/../lib/gcc/riscv64-buildroot-linux-musl/10.2.0/../../../../riscv64-buildroot-linux-musl/bin/ld: /tmp/cc5zCsUc.o: in function `main':
/home/yufeng/os-libc-test/libtirpc-1.3.3/conftest.c:72: undefined reference to `getrpcent'
collect2: error: ld returned 1 exit status
configure:14095: $? = 1
configure: failed program was:
| /* confdefs.h */
| #define PACKAGE_NAME "libtirpc"
| #define PACKAGE_TARNAME "libtirpc"
| #define PACKAGE_VERSION "1.3.2"
| #define PACKAGE_STRING "libtirpc 1.3.2"
| #define PACKAGE_BUGREPORT ""
| #define PACKAGE_URL ""
| #define PACKAGE "libtirpc"
| #define VERSION "1.3.2"
| #define HAVE_STDIO_H 1
| #define HAVE_STDLIB_H 1
| #define HAVE_STRING_H 1
| #define HAVE_INTTYPES_H 1
| #define HAVE_STDINT_H 1
| #define HAVE_STRINGS_H 1
| #define HAVE_SYS_STAT_H 1
| #define HAVE_SYS_TYPES_H 1
| #define HAVE_UNISTD_H 1
| #define STDC_HEADERS 1
| #define INET6 1
| #define HAVE_DLFCN_H 1
| #define LT_OBJDIR ".libs/"
| #define HAVE_DIRENT_H 1
| #define HAVE_ARPA_INET_H 1
| #define HAVE_FCNTL_H 1
| #define HAVE_LIBINTL_H 1
| #define HAVE_LIMITS_H 1
| #define HAVE_LOCALE_H 1
| #define HAVE_NETDB_H 1
| #define HAVE_NETINET_IN_H 1
| #define HAVE_STDDEF_H 1
| #define HAVE_STDINT_H 1
| #define HAVE_STDLIB_H 1
| #define HAVE_STRING_H 1
| #define HAVE_SYS_IOCTL_H 1
| #define HAVE_SYS_PARAM_H 1
| #define HAVE_SYS_SOCKET_H 1
| #define HAVE_SYS_TIME_H 1
| #define HAVE_SYSLOG_H 1
| #define HAVE_UNISTD_H 1
| #define HAVE_FEATURES_H 1
| #define HAVE_PTHREAD_PRIO_INHERIT 1
| #define HAVE_PTHREAD 1
| /* end confdefs.h.  */
| /* Define getrpcent to an innocuous variant, in case <limits.h> declares getrpcent.
|    For example, HP-UX 11i <limits.h> declares gettimeofday.  */
| #define getrpcent innocuous_getrpcent
| 
| /* System header to define __stub macros and hopefully few prototypes,
|    which can conflict with char getrpcent (); below.  */
| 
| #include <limits.h>
| #undef getrpcent
| 
| /* Override any GCC internal prototype to avoid an error.
|    Use char because int might match the return type of a GCC
|    builtin and then its argument prototype would still apply.  */
| #ifdef __cplusplus
| extern "C"
| #endif
| char getrpcent ();
| /* The GNU C library defines this for functions which it implements
|     to always fail with ENOSYS.  Some functions are actually named
|     something starting with __ and the normal name is an alias.  */
| #if defined __stub_getrpcent || defined __stub___getrpcent
| choke me
| #endif
| 
| int
| main (void)
| {
| return getrpcent ();
|   ;
|   return 0;
| }
configure:14095: result: no
configure:14208: checking that generated files are newer than configure
configure:14214: result: done
configure:14253: creating ./config.status

## ---------------------- ##
## Running config.status. ##
## ---------------------- ##

This file was extended by libtirpc config.status 1.3.2, which was
generated by GNU Autoconf 2.71.  Invocation command line was

  CONFIG_FILES    = 
  CONFIG_HEADERS  = 
  CONFIG_LINKS    = 
  CONFIG_COMMANDS = 
  $ ./config.status 

on yufeng

config.status:1127: creating Makefile
config.status:1127: creating src/Makefile
config.status:1127: creating man/Makefile
config.status:1127: creating doc/Makefile
config.status:1127: creating libtirpc.pc
config.status:1127: creating config.h
config.status:1308: config.h is unchanged
config.status:1356: executing depfiles commands
config.status:1433: cd src       && sed -e '/# am--include-marker/d' Makefile         | make -f - am--depfiles
make[1]: Entering directory '/home/yufeng/os-libc-test/libtirpc-1.3.3/src'
make[1]: Nothing to be done for 'am--depfiles'.
make[1]: Leaving directory '/home/yufeng/os-libc-test/libtirpc-1.3.3/src'
config.status:1438: $? = 0
config.status:1356: executing libtool commands

## ---------------- ##
## Cache variables. ##
## ---------------- ##

ac_cv_build=x86_64-pc-linux-gnu
ac_cv_c_compiler_gnu=yes
ac_cv_env_CC_set=
ac_cv_env_CC_value=
ac_cv_env_CFLAGS_set=
ac_cv_env_CFLAGS_value=
ac_cv_env_CPPFLAGS_set=
ac_cv_env_CPPFLAGS_value=
ac_cv_env_CPP_set=
ac_cv_env_CPP_value=
ac_cv_env_LDFLAGS_set=
ac_cv_env_LDFLAGS_value=
ac_cv_env_LIBS_set=
ac_cv_env_LIBS_value=
ac_cv_env_LT_SYS_LIBRARY_PATH_set=
ac_cv_env_LT_SYS_LIBRARY_PATH_value=
ac_cv_env_build_alias_set=
ac_cv_env_build_alias_value=
ac_cv_env_host_alias_set=set
ac_cv_env_host_alias_value=riscv64-buildroot-linux-musl
ac_cv_env_target_alias_set=
ac_cv_env_target_alias_value=
ac_cv_func_endrpcent=no
ac_cv_func_getrpcbyname=no
ac_cv_func_getrpcbynumber=no
ac_cv_func_getrpcent=no
ac_cv_func_setrpcent=no
ac_cv_header_arpa_inet_h=yes
ac_cv_header_dirent_dirent_h=yes
ac_cv_header_dlfcn_h=yes
ac_cv_header_fcntl_h=yes
ac_cv_header_features_h=yes
ac_cv_header_gssapi_gssapi_ext_h=no
ac_cv_header_gssapi_gssapi_h=no
ac_cv_header_inttypes_h=yes
ac_cv_header_libintl_h=yes
ac_cv_header_limits_h=yes
ac_cv_header_locale_h=yes
ac_cv_header_netdb_h=yes
ac_cv_header_netinet_in_h=yes
ac_cv_header_stddef_h=yes
ac_cv_header_stdint_h=yes
ac_cv_header_stdio_h=yes
ac_cv_header_stdlib_h=yes
ac_cv_header_string_h=yes
ac_cv_header_strings_h=yes
ac_cv_header_sys_ioctl_h=yes
ac_cv_header_sys_param_h=yes
ac_cv_header_sys_socket_h=yes
ac_cv_header_sys_stat_h=yes
ac_cv_header_sys_time_h=yes
ac_cv_header_sys_types_h=yes
ac_cv_header_syslog_h=yes
ac_cv_header_unistd_h=yes
ac_cv_host=riscv64-buildroot-linux-musl
ac_cv_objext=o
ac_cv_path_EGREP='/usr/bin/grep -E'
ac_cv_path_FGREP='/usr/bin/grep -F'
ac_cv_path_GREP=/usr/bin/grep
ac_cv_path_SED=/usr/bin/sed
ac_cv_path_install='/usr/bin/install -c'
ac_cv_path_lt_DD=/usr/bin/dd
ac_cv_path_mkdir=/usr/bin/mkdir
ac_cv_prog_AR=riscv64-buildroot-linux-musl-ar
ac_cv_prog_AWK=gawk
ac_cv_prog_CC=riscv64-buildroot-linux-musl-gcc
ac_cv_prog_CPP='riscv64-buildroot-linux-musl-gcc -E'
ac_cv_prog_OBJDUMP=riscv64-buildroot-linux-musl-objdump
ac_cv_prog_RANLIB=riscv64-buildroot-linux-musl-ranlib
ac_cv_prog_STRIP=riscv64-buildroot-linux-musl-strip
ac_cv_prog_ac_ct_FILECMD=file
ac_cv_prog_ac_ct_MANIFEST_TOOL=mt
ac_cv_prog_cc_c11=
ac_cv_prog_cc_g=yes
ac_cv_prog_cc_stdc=
ac_cv_prog_make_make_set=yes
ac_cv_search_opendir='none required'
am_cv_CC_dependencies_compiler_type=gcc3
am_cv_make_support_nested_variables=yes
am_cv_prog_cc_c_o=yes
ax_cv_PTHREAD_CLANG=no
ax_cv_PTHREAD_JOINABLE_ATTR=PTHREAD_CREATE_JOINABLE
ax_cv_PTHREAD_PRIO_INHERIT=yes
ax_cv_PTHREAD_SPECIAL_FLAGS=no
lt_cv_ar_at_file=@
lt_cv_archive_cmds_need_lc=no
lt_cv_deplibs_check_method=pass_all
lt_cv_file_magic_cmd='$MAGIC_CMD'
lt_cv_file_magic_test_file=
lt_cv_ld_reload_flag=-r
lt_cv_nm_interface='BSD nm'
lt_cv_objdir=.libs
lt_cv_path_LD=/home/yufeng/os-libc-test/toolchain/riscv64--musl--bleeding-edge-2020.08-1/riscv64-buildroot-linux-musl/bin/ld
lt_cv_path_NM='/home/yufeng/os-libc-test/toolchain/riscv64--musl--bleeding-edge-2020.08-1/bin/riscv64-buildroot-linux-musl-nm -B'
lt_cv_path_mainfest_tool=no
lt_cv_prog_compiler_c_o=yes
lt_cv_prog_compiler_pic='-fPIC -DPIC'
lt_cv_prog_compiler_pic_works=yes
lt_cv_prog_compiler_rtti_exceptions=no
lt_cv_prog_compiler_static_works=yes
lt_cv_prog_gnu_ld=yes
lt_cv_sharedlib_from_linklib_cmd='printf %s\n'
lt_cv_shlibpath_overrides_runpath=no
lt_cv_sys_global_symbol_pipe='/usr/bin/sed -n -e '\''s/^.*[	 ]\([ABCDGIRSTW][ABCDGIRSTW]*\)[	 ][	 ]*\([_A-Za-z][_A-Za-z0-9]*\)$/\1 \2 \2/p'\'' | /usr/bin/sed '\''/ __gnu_lto/d'\'''
lt_cv_sys_global_symbol_to_c_name_address='/usr/bin/sed -n -e '\''s/^: \(.*\) .*$/  {"\1", (void *) 0},/p'\'' -e '\''s/^[ABCDGIRSTW][ABCDGIRSTW]* .* \(.*\)$/  {"\1", (void *) \&\1},/p'\'''
lt_cv_sys_global_symbol_to_c_name_address_lib_prefix='/usr/bin/sed -n -e '\''s/^: \(.*\) .*$/  {"\1", (void *) 0},/p'\'' -e '\''s/^[ABCDGIRSTW][ABCDGIRSTW]* .* \(lib.*\)$/  {"\1", (void *) \&\1},/p'\'' -e '\''s/^[ABCDGIRSTW][ABCDGIRSTW]* .* \(.*\)$/  {"lib\1", (void *) \&\1},/p'\'''
lt_cv_sys_global_symbol_to_cdecl='/usr/bin/sed -n -e '\''s/^T .* \(.*\)$/extern int \1();/p'\'' -e '\''s/^[ABCDGIRSTW][ABCDGIRSTW]* .* \(.*\)$/extern char \1;/p'\'''
lt_cv_sys_global_symbol_to_import=
lt_cv_sys_max_cmd_len=1572864
lt_cv_to_host_file_cmd=func_convert_file_noop
lt_cv_to_tool_file_cmd=func_convert_file_noop
lt_cv_truncate_bin='/usr/bin/dd bs=4096 count=1'

## ----------------- ##
## Output variables. ##
## ----------------- ##

ACLOCAL='${SHELL} '\''/home/yufeng/os-libc-test/libtirpc-1.3.3/missing'\'' aclocal-1.16'
AMDEPBACKSLASH='\'
AMDEP_FALSE='#'
AMDEP_TRUE=''
AMTAR='$${TAR-tar}'
AM_BACKSLASH='\'
AM_DEFAULT_V='$(AM_DEFAULT_VERBOSITY)'
AM_DEFAULT_VERBOSITY='0'
AM_V='$(V)'
AR='riscv64-buildroot-linux-musl-ar'
AUTHDES_FALSE=''
AUTHDES_TRUE='#'
AUTOCONF='${SHELL} '\''/home/yufeng/os-libc-test/libtirpc-1.3.3/missing'\'' autoconf'
AUTOHEADER='${SHELL} '\''/home/yufeng/os-libc-test/libtirpc-1.3.3/missing'\'' autoheader'
AUTOMAKE='${SHELL} '\''/home/yufeng/os-libc-test/libtirpc-1.3.3/missing'\'' automake-1.16'
AWK='gawk'
CC='riscv64-buildroot-linux-musl-gcc'
CCDEPMODE='depmode=gcc3'
CFLAGS='-g -O2'
CPP='riscv64-buildroot-linux-musl-gcc -E'
CPPFLAGS=''
CSCOPE='cscope'
CTAGS='ctags'
CYGPATH_W='echo'
DEFS='-DHAVE_CONFIG_H'
DEPDIR='.deps'
DLLTOOL='false'
DSYMUTIL=''
DUMPBIN=''
ECHO_C=''
ECHO_N='-n'
ECHO_T=''
EGREP='/usr/bin/grep -E'
ETAGS='etags'
EXEEXT=''
FGREP='/usr/bin/grep -F'
FILECMD='file'
GREP='/usr/bin/grep'
GSSAPI_CFLAGS=''
GSSAPI_LIBS=''
GSS_FALSE=''
GSS_TRUE='#'
INET6_FALSE='#'
INET6_TRUE=''
INSTALL_DATA='${INSTALL} -m 644'
INSTALL_PROGRAM='${INSTALL}'
INSTALL_SCRIPT='${INSTALL}'
INSTALL_STRIP_PROGRAM='$(install_sh) -c -s'
KRB5_CONFIG=''
LD='/home/yufeng/os-libc-test/toolchain/riscv64--musl--bleeding-edge-2020.08-1/riscv64-buildroot-linux-musl/bin/ld'
LDFLAGS=''
LDFLAG_NOUNDEFINED='-Wl,--no-undefined'
LIBOBJS=''
LIBS=''
LIBTOOL='$(SHELL) $(top_builddir)/libtool'
LIPO=''
LN_S='ln -s'
LTLIBOBJS=''
LT_SYS_LIBRARY_PATH=''
LT_VERSION_INFO='3:0:0'
MAKEINFO='${SHELL} '\''/home/yufeng/os-libc-test/libtirpc-1.3.3/missing'\'' makeinfo'
MANIFEST_TOOL=':'
MKDIR_P='/usr/bin/mkdir -p'
NM='/home/yufeng/os-libc-test/toolchain/riscv64--musl--bleeding-edge-2020.08-1/bin/riscv64-buildroot-linux-musl-nm -B'
NMEDIT=''
OBJDUMP='riscv64-buildroot-linux-musl-objdump'
OBJEXT='o'
OTOOL64=''
OTOOL=''
PACKAGE='libtirpc'
PACKAGE_BUGREPORT=''
PACKAGE_NAME='libtirpc'
PACKAGE_STRING='libtirpc 1.3.2'
PACKAGE_TARNAME='libtirpc'
PACKAGE_URL=''
PACKAGE_VERSION='1.3.2'
PATH_SEPARATOR=':'
PTHREAD_CC='riscv64-buildroot-linux-musl-gcc'
PTHREAD_CFLAGS='-pthread'
PTHREAD_CXX=''
PTHREAD_LIBS='-lpthread'
RANLIB='riscv64-buildroot-linux-musl-ranlib'
SED='/usr/bin/sed'
SET_MAKE=''
SHELL='/bin/bash'
STRIP='riscv64-buildroot-linux-musl-strip'
SYMVERS_FALSE='#'
SYMVERS_TRUE=''
VERSION='1.3.2'
ac_ct_AR=''
ac_ct_CC=''
ac_ct_DUMPBIN=''
am__EXEEXT_FALSE=''
am__EXEEXT_TRUE='#'
am__fastdepCC_FALSE='#'
am__fastdepCC_TRUE=''
am__include='include'
am__isrc=''
am__leading_dot='.'
am__nodep='_no'
am__quote=''
am__tar='$${TAR-tar} chof - "$$tardir"'
am__untar='$${TAR-tar} xf -'
ax_pthread_config=''
bindir='${exec_prefix}/bin'
build='x86_64-pc-linux-gnu'
build_alias=''
build_cpu='x86_64'
build_os='linux-gnu'
build_vendor='pc'
datadir='${datarootdir}'
datarootdir='${prefix}/share'
docdir='${datarootdir}/doc/${PACKAGE_TARNAME}'
dvidir='${docdir}'
exec_prefix='${prefix}'
host='riscv64-buildroot-linux-musl'
host_alias='riscv64-buildroot-linux-musl'
host_cpu='riscv64'
host_os='linux-musl'
host_vendor='buildroot'
htmldir='${docdir}'
includedir='${prefix}/include'
infodir='${datarootdir}/info'
install_sh='${SHELL} /home/yufeng/os-libc-test/libtirpc-1.3.3/install-sh'
libdir='${exec_prefix}/lib'
libexecdir='${exec_prefix}/libexec'
localedir='${datarootdir}/locale'
localstatedir='${prefix}/var'
mandir='${datarootdir}/man'
mkdir_p='$(MKDIR_P)'
oldincludedir='/usr/include'
pdfdir='${docdir}'
prefix='/opt/riscv/sysroot/usr'
program_transform_name='s,x,x,'
psdir='${docdir}'
runstatedir='${localstatedir}/run'
sbindir='${exec_prefix}/sbin'
sharedstatedir='${prefix}/com'
sysconfdir='${prefix}/etc'
target_alias=''

## ----------- ##
## confdefs.h. ##
## ----------- ##

/* confdefs.h */
#define PACKAGE_NAME "libtirpc"
#define PACKAGE_TARNAME "libtirpc"
#define PACKAGE_VERSION "1.3.2"
#define PACKAGE_STRING "libtirpc 1.3.2"
#define PACKAGE_BUGREPORT ""
#define PACKAGE_URL ""
#define PACKAGE "libtirpc"
#define VERSION "1.3.2"
#define HAVE_STDIO_H 1
#define HAVE_STDLIB_H 1
#define HAVE_STRING_H 1
#define HAVE_INTTYPES_H 1
#define HAVE_STDINT_H 1
#define HAVE_STRINGS_H 1
#define HAVE_SYS_STAT_H 1
#define HAVE_SYS_TYPES_H 1
#define HAVE_UNISTD_H 1
#define STDC_HEADERS 1
#define INET6 1
#define HAVE_DLFCN_H 1
#define LT_OBJDIR ".libs/"
#define HAVE_DIRENT_H 1
#define HAVE_ARPA_INET_H 1
#define HAVE_FCNTL_H 1
#define HAVE_LIBINTL_H 1
#define HAVE_LIMITS_H 1
#define HAVE_LOCALE_H 1
#define HAVE_NETDB_H 1
#define HAVE_NETINET_IN_H 1
#define HAVE_STDDEF_H 1
#define HAVE_STDINT_H 1
#define HAVE_STDLIB_H 1
#define HAVE_STRING_H 1
#define HAVE_SYS_IOCTL_H 1
#define HAVE_SYS_PARAM_H 1
#define HAVE_SYS_SOCKET_H 1
#define HAVE_SYS_TIME_H 1
#define HAVE_SYSLOG_H 1
#define HAVE_UNISTD_H 1
#define HAVE_FEATURES_H 1
#define HAVE_PTHREAD_PRIO_INHERIT 1
#define HAVE_PTHREAD 1

configure: exit 0
